<?xml version="1.0" encoding="UTF-8"?>
<testng-results skipped="0" failed="0" ignored="0" total="1" passed="1">
  <reporter-output>
  </reporter-output>
  <suite name="Default suite" duration-ms="164538" started-at="2019-01-28T13:57:31Z" finished-at="2019-01-28T14:00:16Z">
    <groups>
    </groups>
    <test name="Default test" duration-ms="164538" started-at="2019-01-28T13:57:31Z" finished-at="2019-01-28T14:00:16Z">
      <class name="com.training.sanity.tests.RTTC_089Tests">
        <test-method status="PASS" signature="setUpBeforeClass()[pri:0, instance:com.training.sanity.tests.RTTC_089Tests@5c7fa833]" name="setUpBeforeClass" is-config="true" duration-ms="23" started-at="2019-01-28T19:27:31Z" finished-at="2019-01-28T19:27:31Z">
          <reporter-output>
          </reporter-output>
        </test-method> <!-- setUpBeforeClass -->
        <test-method status="PASS" signature="setUp()[pri:0, instance:com.training.sanity.tests.RTTC_089Tests@5c7fa833]" name="setUp" is-config="true" duration-ms="14891" started-at="2019-01-28T19:27:31Z" finished-at="2019-01-28T19:27:46Z">
          <reporter-output>
          </reporter-output>
        </test-method> <!-- setUp -->
        <test-method status="PASS" signature="validRetailLoginTest089()[pri:0, instance:com.training.sanity.tests.RTTC_089Tests@5c7fa833]" name="validRetailLoginTest089" duration-ms="148592" started-at="2019-01-28T19:27:46Z" finished-at="2019-01-28T19:30:15Z">
          <reporter-output>
          </reporter-output>
        </test-method> <!-- validRetailLoginTest089 -->
        <test-method status="PASS" signature="tearDown()[pri:0, instance:com.training.sanity.tests.RTTC_089Tests@5c7fa833]" name="tearDown" is-config="true" duration-ms="1000" started-at="2019-01-28T19:30:15Z" finished-at="2019-01-28T19:30:16Z">
          <reporter-output>
          </reporter-output>
        </test-method> <!-- tearDown -->
      </class> <!-- com.training.sanity.tests.RTTC_089Tests -->
    </test> <!-- Default test -->
  </suite> <!-- Default suite -->
</testng-results>
